<?xml version="1.0" encoding="UTF-8"?>
<!-- 

	Description: J unit test servlet configuration. 
 -->
<beans xmlns="http://www.springframework.org/schema/beans"
	xmlns:xsi="http://www.w3.org/2001/XMLSchema-instance"
	xmlns:task="http://www.springframework.org/schema/task"
	xmlns:p="http://www.springframework.org/schema/p"
	xmlns:context="http://www.springframework.org/schema/context"
	xsi:schemaLocation=" http://www.springframework.org/schema/beans
	http://www.springframework.org/schema/beans/spring-beans-3.0.xsd
	http://www.springframework.org/schema/context
	http://www.springframework.org/schema/context/spring-context-3.0.xsd
	http://www.springframework.org/schema/task
	http://www.springframework.org/schema/task/spring-task-3.0.xsd">

	<import resource="test-hibernate.xml"/>

	<context:component-scan base-package="bp, eulap.eb, eulap.common"/>
	
	<bean id="CMSFormPath" class="java.lang.String">
		<constructor-arg type="java.lang.String" value="client/conf/dev/"/>
	</bean>
</beans>	


